<?xml version="1.0" encoding="UTF-8"?>
<!-- Generated by org.testng.reporters.JUnitReportReporter -->
<testsuite hostname="Anusha" failures="0" tests="1" name="books.TC_001_Test" time="4.997" errors="0" timestamp="2025-02-21T18:28:46 IST" skipped="0">
  <testcase classname="books.TC_001_Test" name="clickOnBooks" time="4.997"/>
</testsuite> <!-- books.TC_001_Test -->
